  add.cpp
c:\users\at_do\source\repos\date\date\header files\function\action.h(2): fatal error C1083: Cannot open include file: 'Header Files\stuct\tree.h': No such file or directory
  d_day.cpp
c:\users\at_do\source\repos\date\date\header files\function\action.h(2): fatal error C1083: Cannot open include file: 'Header Files\stuct\tree.h': No such file or directory
  delet.cpp
c:\users\at_do\source\repos\date\date\header files\function\action.h(2): fatal error C1083: Cannot open include file: 'Header Files\stuct\tree.h': No such file or directory
  diferent.cpp
c:\users\at_do\source\repos\date\date\header files\function\action.h(2): fatal error C1083: Cannot open include file: 'Header Files\stuct\tree.h': No such file or directory
  found.cpp
c:\users\at_do\source\repos\date\date\header files\function\action.h(2): fatal error C1083: Cannot open include file: 'Header Files\stuct\tree.h': No such file or directory
  show.cpp
c:\users\at_do\source\repos\date\date\header files\function\action.h(2): fatal error C1083: Cannot open include file: 'Header Files\stuct\tree.h': No such file or directory
  summ_time.cpp
c:\users\at_do\source\repos\date\date\header files\function\action.h(2): fatal error C1083: Cannot open include file: 'Header Files\stuct\tree.h': No such file or directory
  filtr.cpp
c:\users\at_do\source\repos\date\date\header files\function\action.h(2): fatal error C1083: Cannot open include file: 'Header Files\stuct\tree.h': No such file or directory
  get_se.cpp
c:\users\at_do\source\repos\date\date\header files\function\action.h(2): fatal error C1083: Cannot open include file: 'Header Files\stuct\tree.h': No such file or directory
  leap_year.cpp
c:\users\at_do\source\repos\date\date\header files\function\action.h(2): fatal error C1083: Cannot open include file: 'Header Files\stuct\tree.h': No such file or directory
  show_class.cpp
c:\users\at_do\source\repos\date\date\header files\function\action.h(2): fatal error C1083: Cannot open include file: 'Header Files\stuct\tree.h': No such file or directory
  write_class.cpp
c:\users\at_do\source\repos\date\date\header files\function\action.h(2): fatal error C1083: Cannot open include file: 'Header Files\stuct\tree.h': No such file or directory
  menu.cpp
  Generating Code...
